# JRE version: Java(TM) SE Runtime Environment (7.0_60-b19) (build 1.7.0_60-b19)
# Java VM: Java HotSpot(TM) 64-Bit Server VM (24.60-b09 mixed mode linux-amd64 compressed oops)
Heap
 PSYoungGen      total 274944K, used 184063K [0x00000007d6d00000, 0x00000007fb100000, 0x0000000800000000)
  eden space 253440K, 72% used [0x00000007d6d00000,0x00000007e20bfda8,0x00000007e6480000)
  from space 21504K, 0% used [0x00000007e6480000,0x00000007e6480000,0x00000007e7980000)
  to   space 43520K, 0% used [0x00000007f8680000,0x00000007f8680000,0x00000007fb100000)
 ParOldGen       total 124416K, used 56757K [0x0000000784800000, 0x000000078c180000, 0x00000007d6d00000)
  object space 124416K, 45% used [0x0000000784800000,0x0000000787f6d520,0x000000078c180000)
 PSPermGen       total 74752K, used 41416K [0x000000077f600000, 0x0000000783f00000, 0x0000000784800000)
  object space 74752K, 55% used [0x000000077f600000,0x0000000781e721e0,0x0000000783f00000)
GC Heap History (10 events):
Event: 2.119 GC heap before
{Heap before GC invocations=4 (full 0):
 PSYoungGen      total 69632K, used 69605K [0x00000007d6d00000, 0x00000007df500000, 0x0000000800000000)
  eden space 64512K, 99% used [0x00000007d6d00000,0x00000007dabfc238,0x00000007dac00000)
  from space 5120K, 99% used [0x00000007dac00000,0x00000007db0fd1f0,0x00000007db100000)
  to   space 5120K, 0% used [0x00000007df000000,0x00000007df000000,0x00000007df500000)
 ParOldGen       total 83968K, used 10404K [0x0000000784800000, 0x0000000789a00000, 0x00000007d6d00000)
  object space 83968K, 12% used [0x0000000784800000,0x0000000785229008,0x0000000789a00000)
 PSPermGen       total 21504K, used 20119K [0x000000077f600000, 0x0000000780b00000, 0x0000000784800000)
  object space 21504K, 93% used [0x000000077f600000,0x00000007809a5f10,0x0000000780b00000)
Event: 2.125 GC heap after
Heap after GC invocations=4 (full 0):
 PSYoungGen      total 134144K, used 5108K [0x00000007d6d00000, 0x00000007df500000, 0x0000000800000000)
  eden space 129024K, 0% used [0x00000007d6d00000,0x00000007d6d00000,0x00000007deb00000)
  from space 5120K, 99% used [0x00000007df000000,0x00000007df4fd120,0x00000007df500000)
  to   space 5120K, 0% used [0x00000007deb00000,0x00000007deb00000,0x00000007df000000)
 ParOldGen       total 83968K, used 19305K [0x0000000784800000, 0x0000000789a00000, 0x00000007d6d00000)
  object space 83968K, 22% used [0x0000000784800000,0x0000000785ada4c0,0x0000000789a00000)
 PSPermGen       total 21504K, used 20119K [0x000000077f600000, 0x0000000780b00000, 0x0000000784800000)
  object space 21504K, 93% used [0x000000077f600000,0x00000007809a5f10,0x0000000780b00000)
}
Event: 2.231 GC heap before
{Heap before GC invocations=5 (full 0):
 PSYoungGen      total 134144K, used 134132K [0x00000007d6d00000, 0x00000007df500000, 0x0000000800000000)
  eden space 129024K, 100% used [0x00000007d6d00000,0x00000007deb00000,0x00000007deb00000)
  from space 5120K, 99% used [0x00000007df000000,0x00000007df4fd120,0x00000007df500000)
  to   space 5120K, 0% used [0x00000007deb00000,0x00000007deb00000,0x00000007df000000)
 ParOldGen       total 83968K, used 19305K [0x0000000784800000, 0x0000000789a00000, 0x00000007d6d00000)
  object space 83968K, 22% used [0x0000000784800000,0x0000000785ada4c0,0x0000000789a00000)
 PSPermGen       total 21504K, used 20145K [0x000000077f600000, 0x0000000780b00000, 0x0000000784800000)
  object space 21504K, 93% used [0x000000077f600000,0x00000007809ac638,0x0000000780b00000)
Event: 2.238 GC heap after
Heap after GC invocations=5 (full 0):
 PSYoungGen      total 134144K, used 1714K [0x00000007d6d00000, 0x00000007e8a00000, 0x0000000800000000)
  eden space 129024K, 0% used [0x00000007d6d00000,0x00000007d6d00000,0x00000007deb00000)
  from space 5120K, 33% used [0x00000007deb00000,0x00000007decacb18,0x00000007df000000)
  to   space 16896K, 0% used [0x00000007e7980000,0x00000007e7980000,0x00000007e8a00000)
 ParOldGen       total 83968K, used 31023K [0x0000000784800000, 0x0000000789a00000, 0x00000007d6d00000)
  object space 83968K, 36% used [0x0000000784800000,0x000000078664bff0,0x0000000789a00000)
 PSPermGen       total 21504K, used 20145K [0x000000077f600000, 0x0000000780b00000, 0x0000000784800000)
  object space 21504K, 93% used [0x000000077f600000,0x00000007809ac638,0x0000000780b00000)
}
Event: 4.357 GC heap before
{Heap before GC invocations=6 (full 0):
 PSYoungGen      total 134144K, used 130738K [0x00000007d6d00000, 0x00000007e8a00000, 0x0000000800000000)
  eden space 129024K, 100% used [0x00000007d6d00000,0x00000007deb00000,0x00000007deb00000)
  from space 5120K, 33% used [0x00000007deb00000,0x00000007decacb18,0x00000007df000000)
  to   space 16896K, 0% used [0x00000007e7980000,0x00000007e7980000,0x00000007e8a00000)
 ParOldGen       total 83968K, used 31023K [0x0000000784800000, 0x0000000789a00000, 0x00000007d6d00000)
  object space 83968K, 36% used [0x0000000784800000,0x000000078664bff0,0x0000000789a00000)
 PSPermGen       total 27648K, used 27424K [0x000000077f600000, 0x0000000781100000, 0x0000000784800000)
  object space 27648K, 99% used [0x000000077f600000,0x00000007810c80b0,0x0000000781100000)
Event: 4.377 GC heap after
Heap after GC invocations=6 (full 0):
 PSYoungGen      total 270336K, used 16881K [0x00000007d6d00000, 0x00000007e9300000, 0x0000000800000000)
  eden space 253440K, 0% used [0x00000007d6d00000,0x00000007d6d00000,0x00000007e6480000)
  from space 16896K, 99% used [0x00000007e7980000,0x00000007e89fc6a8,0x00000007e8a00000)
  to   space 21504K, 0% used [0x00000007e6480000,0x00000007e6480000,0x00000007e7980000)
 ParOldGen       total 83968K, used 33110K [0x0000000784800000, 0x0000000789a00000, 0x00000007d6d00000)
  object space 83968K, 39% used [0x0000000784800000,0x0000000786855980,0x0000000789a00000)
 PSPermGen       total 27648K, used 27424K [0x000000077f600000, 0x0000000781100000, 0x0000000784800000)
  object space 27648K, 99% used [0x000000077f600000,0x00000007810c80b0,0x0000000781100000)
}
Event: 36.865 GC heap before
{Heap before GC invocations=7 (full 0):
 PSYoungGen      total 270336K, used 270321K [0x00000007d6d00000, 0x00000007e9300000, 0x0000000800000000)
  eden space 253440K, 100% used [0x00000007d6d00000,0x00000007e6480000,0x00000007e6480000)
  from space 16896K, 99% used [0x00000007e7980000,0x00000007e89fc6a8,0x00000007e8a00000)
  to   space 21504K, 0% used [0x00000007e6480000,0x00000007e6480000,0x00000007e7980000)
 ParOldGen       total 83968K, used 33110K [0x0000000784800000, 0x0000000789a00000, 0x00000007d6d00000)
  object space 83968K, 39% used [0x0000000784800000,0x0000000786855980,0x0000000789a00000)
 PSPermGen       total 37376K, used 37148K [0x000000077f600000, 0x0000000781a80000, 0x0000000784800000)
  object space 37376K, 99% used [0x000000077f600000,0x0000000781a47308,0x0000000781a80000)
Event: 36.923 GC heap after
Heap after GC invocations=7 (full 0):
 PSYoungGen      total 274944K, used 21492K [0x00000007d6d00000, 0x00000007fb100000, 0x0000000800000000)
  eden space 253440K, 0% used [0x00000007d6d00000,0x00000007d6d00000,0x00000007e6480000)
  from space 21504K, 99% used [0x00000007e6480000,0x00000007e797d368,0x00000007e7980000)
  to   space 43520K, 0% used [0x00000007f8680000,0x00000007f8680000,0x00000007fb100000)
 ParOldGen       total 83968K, used 68269K [0x0000000784800000, 0x0000000789a00000, 0x00000007d6d00000)
  object space 83968K, 81% used [0x0000000784800000,0x0000000788aab5d8,0x0000000789a00000)
 PSPermGen       total 37376K, used 37148K [0x000000077f600000, 0x0000000781a80000, 0x0000000784800000)
  object space 37376K, 99% used [0x000000077f600000,0x0000000781a47308,0x0000000781a80000)
}
Event: 36.923 GC heap before
{Heap before GC invocations=8 (full 1):
 PSYoungGen      total 274944K, used 21492K [0x00000007d6d00000, 0x00000007fb100000, 0x0000000800000000)
  eden space 253440K, 0% used [0x00000007d6d00000,0x00000007d6d00000,0x00000007e6480000)
  from space 21504K, 99% used [0x00000007e6480000,0x00000007e797d368,0x00000007e7980000)
  to   space 43520K, 0% used [0x00000007f8680000,0x00000007f8680000,0x00000007fb100000)
 ParOldGen       total 83968K, used 68269K [0x0000000784800000, 0x0000000789a00000, 0x00000007d6d00000)
  object space 83968K, 81% used [0x0000000784800000,0x0000000788aab5d8,0x0000000789a00000)
 PSPermGen       total 37376K, used 37148K [0x000000077f600000, 0x0000000781a80000, 0x0000000784800000)
  object space 37376K, 99% used [0x000000077f600000,0x0000000781a47308,0x0000000781a80000)
Event: 37.192 GC heap after
Heap after GC invocations=8 (full 1):
 PSYoungGen      total 274944K, used 0K [0x00000007d6d00000, 0x00000007fb100000, 0x0000000800000000)
  eden space 253440K, 0% used [0x00000007d6d00000,0x00000007d6d00000,0x00000007e6480000)
  from space 21504K, 0% used [0x00000007e6480000,0x00000007e6480000,0x00000007e7980000)
  to   space 43520K, 0% used [0x00000007f8680000,0x00000007f8680000,0x00000007fb100000)
 ParOldGen       total 124416K, used 56757K [0x0000000784800000, 0x000000078c180000, 0x00000007d6d00000)
  object space 124416K, 45% used [0x0000000784800000,0x0000000787f6d520,0x000000078c180000)
 PSPermGen       total 74752K, used 37134K [0x000000077f600000, 0x0000000783f00000, 0x0000000784800000)
  object space 74752K, 49% used [0x000000077f600000,0x0000000781a43bb0,0x0000000783f00000)
}

